Determining if the pthread_create exist failed with the following output:
Change Dir: /home/maria/Scrivania/Code/sesta_prova/build/CMakeFiles/CMakeTmp

Run Build Command:"/usr/bin/make" "cmTryCompileExec1949284173/fast"
/usr/bin/make -f CMakeFiles/cmTryCompileExec1949284173.dir/build.make CMakeFiles/cmTryCompileExec1949284173.dir/build
make[1]: ingresso nella directory "/home/maria/Scrivania/Code/sesta_prova/build/CMakeFiles/CMakeTmp"
/usr/local/bin/cmake -E cmake_progress_report /home/maria/Scrivania/Code/sesta_prova/build/CMakeFiles/CMakeTmp/CMakeFiles 1
Building C object CMakeFiles/cmTryCompileExec1949284173.dir/CheckSymbolExists.c.o
/usr/bin/cc    -o CMakeFiles/cmTryCompileExec1949284173.dir/CheckSymbolExists.c.o   -c /home/maria/Scrivania/Code/sesta_prova/build/CMakeFiles/CMakeTmp/CheckSymbolExists.c
Linking C executable cmTryCompileExec1949284173
/usr/local/bin/cmake -E cmake_link_script CMakeFiles/cmTryCompileExec1949284173.dir/link.txt --verbose=1
/usr/bin/cc       CMakeFiles/cmTryCompileExec1949284173.dir/CheckSymbolExists.c.o  -o cmTryCompileExec1949284173 -rdynamic 
CMakeFiles/cmTryCompileExec1949284173.dir/CheckSymbolExists.c.o: nella funzione "main":
CheckSymbolExists.c:(.text+0x16): riferimento non definito a "pthread_create"
collect2: error: ld returned 1 exit status
make[1]: uscita dalla directory "/home/maria/Scrivania/Code/sesta_prova/build/CMakeFiles/CMakeTmp"
make[1]: *** [cmTryCompileExec1949284173] Errore 1
make: *** [cmTryCompileExec1949284173/fast] Errore 2

File /home/maria/Scrivania/Code/sesta_prova/build/CMakeFiles/CMakeTmp/CheckSymbolExists.c:
/* */
#include <pthread.h>

int main(int argc, char** argv)
{
  (void)argv;
#ifndef pthread_create
  return ((int*)(&pthread_create))[argc];
#else
  (void)argc;
  return 0;
#endif
}

Determining if the function pthread_create exists in the pthreads failed with the following output:
Change Dir: /home/maria/Scrivania/Code/sesta_prova/build/CMakeFiles/CMakeTmp

Run Build Command:"/usr/bin/make" "cmTryCompileExec3594464965/fast"
/usr/bin/make -f CMakeFiles/cmTryCompileExec3594464965.dir/build.make CMakeFiles/cmTryCompileExec3594464965.dir/build
make[1]: ingresso nella directory "/home/maria/Scrivania/Code/sesta_prova/build/CMakeFiles/CMakeTmp"
/usr/local/bin/cmake -E cmake_progress_report /home/maria/Scrivania/Code/sesta_prova/build/CMakeFiles/CMakeTmp/CMakeFiles 1
Building C object CMakeFiles/cmTryCompileExec3594464965.dir/CheckFunctionExists.c.o
/usr/bin/cc   -DCHECK_FUNCTION_EXISTS=pthread_create   -o CMakeFiles/cmTryCompileExec3594464965.dir/CheckFunctionExists.c.o   -c /usr/local/share/cmake-3.0/Modules/CheckFunctionExists.c
Linking C executable cmTryCompileExec3594464965
/usr/local/bin/cmake -E cmake_link_script CMakeFiles/cmTryCompileExec3594464965.dir/link.txt --verbose=1
/usr/bin/cc   -DCHECK_FUNCTION_EXISTS=pthread_create    CMakeFiles/cmTryCompileExec3594464965.dir/CheckFunctionExists.c.o  -o cmTryCompileExec3594464965 -rdynamic -lpthreads 
/usr/bin/ld: impossibile trovare -lpthreads
collect2: error: ld returned 1 exit status
make[1]: *** [cmTryCompileExec3594464965] Errore 1
make[1]: uscita dalla directory "/home/maria/Scrivania/Code/sesta_prova/build/CMakeFiles/CMakeTmp"
make: *** [cmTryCompileExec3594464965/fast] Errore 2


